\BOOKMARK [1][-]{section.1}{\376\377\0001\000\040\000E\000i\000n\000l\000e\000i\000t\000u\000n\000g}{}
\BOOKMARK [2][-]{subsection.1.1}{\376\377\0001\000.\0001\000\040\000N\000a\000c\000h\000w\000e\000i\000s\000m\000e\000t\000h\000o\000d\000e\000n\000\040\000v\000o\000n\000\040\000E\000x\000o\000p\000l\000a\000n\000e\000t\000e\000n}{section.1}
\BOOKMARK [1][-]{section.2}{\376\377\0002\000\040\000F\000A\000R\000G\000O}{}
\BOOKMARK [2][-]{subsection.2.1}{\376\377\0002\000.\0001\000\040\000F\000A\000R\000G\000O\000-\000M\000o\000d\000i\000f\000i\000k\000a\000t\000i\000o\000n\000e\000n}{section.2}
\BOOKMARK [3][-]{subsubsection.2.1.1}{\376\377\0002\000.\0001\000.\0001\000\040\000F\000A\000R\000G\000O\000-\000E\000r\000w\000e\000i\000t\000e\000r\000u\000n\000g\000:\000\040\000P\000l\000a\000n\000e\000t\000-\000E\000c\000c\000e\000n\000t\000r\000i\000c\000i\000t\000y\000\040\000u\000n\000d\000\040\000S\000t\000e\000r\000n\000e\000\040\000a\000l\000s\000\040\000S\000e\000k\000u\000n\000d\000\344\000r\000o\000b\000j\000e\000k\000t\000e}{subsection.2.1}
\BOOKMARK [3][-]{subsubsection.2.1.2}{\376\377\0002\000.\0001\000.\0002\000\040\000F\000A\000R\000G\000O\000-\000E\000r\000w\000e\000i\000t\000e\000r\000u\000n\000g\000:\000\040\000D\000i\000s\000k\000-\000E\000c\000c\000e\000n\000t\000r\000i\000c\000i\000t\000y}{subsection.2.1}
\BOOKMARK [2][-]{subsection.2.2}{\376\377\0002\000.\0002\000\040\000C\000V\000N\000R}{section.2}
\BOOKMARK [2][-]{subsection.2.3}{\376\377\0002\000.\0003\000\040\000B\000o\000u\000n\000d\000a\000r\000y\000-\000C\000o\000n\000d\000i\000t\000i\000o\000n\000s}{section.2}
\BOOKMARK [2][-]{subsection.2.4}{\376\377\0002\000.\0004\000\040\000P\000o\000t\000e\000n\000t\000i\000a\000l\000-\000S\000m\000o\000o\000t\000h\000i\000n\000g}{section.2}
\BOOKMARK [1][-]{section.3}{\376\377\0003\000\040\000M\000o\000d\000e\000l\000l\000i\000e\000r\000u\000n\000g\000\040\000e\000x\000z\000e\000n\000t\000r\000i\000s\000c\000h\000e\000r\000\040\000B\000i\000n\000\344\000r\000s\000t\000e\000r\000n\000s\000y\000s\000t\000e\000m\000e}{}
\BOOKMARK [2][-]{subsection.3.1}{\376\377\0003\000.\0001\000\040\000\040\000C\000e\000p\000h\000e\000i}{section.3}
\BOOKMARK [1][-]{section.4}{\376\377\0004\000\040\000V\000e\000r\000g\000l\000e\000i\000c\000h\000\040\000F\000A\000R\000G\000O\000,\000\040\000N\000I\000R\000V\000A\000N\000A\000\040\000u\000n\000d\000\040\000R\000H\0002\000D}{}
\BOOKMARK [1][-]{section.5}{\376\377\0005\000\040\000M\000o\000d\000e\000l\000l\000i\000e\000r\000u\000n\000g\000\040\000n\000i\000c\000h\000t\000-\000e\000x\000z\000e\000n\000t\000r\000i\000s\000c\000h\000e\000r\000\040\000B\000i\000n\000\344\000r\000s\000t\000e\000r\000n\000s\000y\000s\000t\000e\000m\000e\000:\000\040\000P\000a\000r\000a\000m\000e\000t\000e\000r\000s\000t\000u\000d\000i\000e\000:\000\040\000h\000,\000\040\000q}{}
\BOOKMARK [2][-]{subsubsection.5.0.1}{\376\377\0005\000.\0000\000.\0001\000\040\000L\000a\000g\000r\000a\000n\000g\000e\000-\000P\000u\000n\000k\000t\000e}{section.5}
\BOOKMARK [3][-]{section*.2}{\376\377\000E\000x\000z\000e\000n\000t\000r\000i\000z\000i\000t\000\344\000t\000\040\000h\000\040\000=\000\040\0000\000.\0000\0005}{subsubsection.5.0.1}
\BOOKMARK [3][-]{section*.3}{\376\377\000E\000x\000z\000e\000n\000t\000r\000i\000z\000i\000t\000\344\000t\000\040\000h\000\040\000=\000\040\0000\000.\0000\0004}{subsubsection.5.0.1}
\BOOKMARK [3][-]{section*.4}{\376\377\000E\000x\000z\000e\000n\000t\000r\000i\000z\000i\000t\000\344\000t\000\040\000h\000\040\000=\000\040\0000\000.\0000\0003}{subsubsection.5.0.1}
\BOOKMARK [2][-]{subsection.5.1}{\376\377\0005\000.\0001\000\040\000P\000e\000r\000i\000a\000s\000t\000r\000o\000n}{section.5}
\BOOKMARK [3][-]{section*.5}{\376\377\000P\000e\000r\000i\000a\000s\000t\000r\000o\000n\000\040\000h\000\040\000=\000\040\0000\000.\0000\0005}{subsection.5.1}
\BOOKMARK [3][-]{section*.6}{\376\377\000P\000e\000r\000i\000a\000s\000t\000r\000o\000n\000\040\000h\000\040\000=\000\040\0000\000.\0000\0004}{subsection.5.1}
\BOOKMARK [3][-]{section*.7}{\376\377\000P\000e\000r\000i\000a\000s\000t\000r\000o\000n\000\040\000h\000\040\000=\000\040\0000\000.\0000\0003}{subsection.5.1}
\BOOKMARK [1][-]{section.6}{\376\377\0006\000\040\000Z\000u\000s\000a\000m\000m\000e\000n\000f\000a\000s\000s\000u\000n\000g}{}
\BOOKMARK [1][-]{section.7}{\376\377\0007\000\040\000A\000p\000p\000e\000n\000d\000i\000x}{}
